---------------------------------------------------------------
[2023-04-10T09:14:31+08:00] 127.0.0.1 GET localhost:8333/
[运行时间：0.081545s] [吞吐率：12.26req/s] [内存消耗：9,134.46kb] [文件加载：87]
[ sql ] [ DB ] CONNECT:[ UseTime:0.001728s ] mysql:host=127.0.0.1;port=3306;dbname=governor_cup_2020;charset=utf8
[ sql ] [ SQL ] SHOW COLUMNS FROM `gc_web_set` [ RunTime:0.001845s ]
[ sql ] [ SQL ] SELECT * FROM `gc_web_set` WHERE  `id` = 1 LIMIT 1 [ RunTime:0.000402s ]
[ sql ] [ SQL ] SHOW COLUMNS FROM `gc_category` [ RunTime:0.000464s ]
[ sql ] [ SQL ] SELECT `id`,`title`,`create_time`,`ftitle` FROM `gc_category` ORDER BY `sort` ASC [ RunTime:0.000335s ]
[ sql ] [ SQL ] SHOW COLUMNS FROM `gc_cate` [ RunTime:0.000558s ]
[ sql ] [ SQL ] SELECT * FROM `gc_cate` WHERE  ( status = 0 ) ORDER BY `sort` ASC [ RunTime:0.000563s ]
---------------------------------------------------------------
[2023-04-10T09:16:50+08:00] 127.0.0.1 GET localhost:8333/login
[运行时间：0.063343s] [吞吐率：15.79req/s] [内存消耗：9,138.77kb] [文件加载：86]
[ sql ] [ DB ] CONNECT:[ UseTime:0.001019s ] mysql:host=127.0.0.1;port=3306;dbname=governor_cup_2020;charset=utf8
[ sql ] [ SQL ] SHOW COLUMNS FROM `gc_web_set` [ RunTime:0.000794s ]
[ sql ] [ SQL ] SELECT * FROM `gc_web_set` WHERE  `id` = 1 LIMIT 1 [ RunTime:0.000344s ]
[ sql ] [ SQL ] SHOW COLUMNS FROM `gc_category` [ RunTime:0.000481s ]
[ sql ] [ SQL ] SELECT `id`,`title`,`create_time`,`ftitle` FROM `gc_category` ORDER BY `sort` ASC [ RunTime:0.000302s ]
[ sql ] [ SQL ] SHOW COLUMNS FROM `gc_cate` [ RunTime:0.000447s ]
[ sql ] [ SQL ] SELECT * FROM `gc_cate` WHERE  ( status = 0 ) [ RunTime:0.000304s ]
---------------------------------------------------------------
[2023-04-10T09:16:52+08:00] 127.0.0.1 POST localhost:8333/login
[运行时间：0.081547s] [吞吐率：12.26req/s] [内存消耗：9,434.73kb] [文件加载：96]
[ sql ] [ DB ] CONNECT:[ UseTime:0.000804s ] mysql:host=127.0.0.1;port=3306;dbname=governor_cup_2020;charset=utf8
[ sql ] [ SQL ] SHOW COLUMNS FROM `gc_web_set` [ RunTime:0.002072s ]
[ sql ] [ SQL ] SELECT * FROM `gc_web_set` WHERE  `id` = 1 LIMIT 1 [ RunTime:0.000701s ]
[ sql ] [ SQL ] SHOW COLUMNS FROM `gc_category` [ RunTime:0.000634s ]
[ sql ] [ SQL ] SELECT `id`,`title`,`create_time`,`ftitle` FROM `gc_category` ORDER BY `sort` ASC [ RunTime:0.000961s ]
[ sql ] [ SQL ] SHOW COLUMNS FROM `gc_cate` [ RunTime:0.000714s ]
[ sql ] [ SQL ] SELECT * FROM `gc_cate` WHERE  ( status = 0 ) [ RunTime:0.000370s ]
[ sql ] [ SQL ] SHOW COLUMNS FROM `gc_admin` [ RunTime:0.000601s ]
[ sql ] [ SQL ] SELECT * FROM `gc_admin` WHERE  `username` = 'superadmin' LIMIT 1 [ RunTime:0.004727s ]
[ sql ] [ SQL ] UPDATE `gc_admin`  SET `last_login_ip` = '127.0.0.1' , `last_login_time` = '2023-04-10 09:16:52'  WHERE  `username` = 'superadmin' [ RunTime:0.001816s ]
---------------------------------------------------------------
[2023-04-10T09:16:53+08:00] 127.0.0.1 GET localhost:8333/sysman/index
[运行时间：0.063505s] [吞吐率：15.75req/s] [内存消耗：9,124.40kb] [文件加载：87]
[ sql ] [ DB ] CONNECT:[ UseTime:0.001067s ] mysql:host=127.0.0.1;port=3306;dbname=governor_cup_2020;charset=utf8
[ sql ] [ SQL ] SHOW COLUMNS FROM `gc_admin` [ RunTime:0.001062s ]
[ sql ] [ SQL ] SELECT * FROM `gc_admin` WHERE  `id` = 1 LIMIT 1 [ RunTime:0.000358s ]
---------------------------------------------------------------
[2023-04-10T09:16:53+08:00] 127.0.0.1 GET localhost:8333/sysman/index/main
[运行时间：0.060777s] [吞吐率：16.45req/s] [内存消耗：9,087.00kb] [文件加载：86]
[ sql ] [ DB ] CONNECT:[ UseTime:0.000787s ] mysql:host=127.0.0.1;port=3306;dbname=governor_cup_2020;charset=utf8
[ sql ] [ SQL ] SHOW COLUMNS FROM `gc_admin` [ RunTime:0.001026s ]
[ sql ] [ SQL ] SELECT * FROM `gc_admin` WHERE  `id` = 1 LIMIT 1 [ RunTime:0.000521s ]
[ sql ] [ SQL ] SHOW COLUMNS FROM `gc_entry_work` [ RunTime:0.001434s ]
[ sql ] [ SQL ] SELECT COUNT(*) AS tp_count FROM `gc_entry_work` WHERE  `status` = 1 [ RunTime:0.004539s ]
[ sql ] [ SQL ] SELECT COUNT(*) AS tp_count FROM `gc_entry_work` WHERE  `create_time` BETWEEN 1681056000 AND 1681142400 [ RunTime:0.002375s ]
[ sql ] [ SQL ] SELECT COUNT(*) AS tp_count FROM `gc_entry_work` WHERE  `checkstatus1` = 0 [ RunTime:0.002089s ]
---------------------------------------------------------------
[2023-04-10T09:16:53+08:00] 127.0.0.1 GET localhost:8333/favicon.ico
[运行时间：0.052752s] [吞吐率：18.96req/s] [内存消耗：9,134.47kb] [文件加载：87]
[ sql ] [ DB ] CONNECT:[ UseTime:0.001811s ] mysql:host=127.0.0.1;port=3306;dbname=governor_cup_2020;charset=utf8
[ sql ] [ SQL ] SHOW COLUMNS FROM `gc_web_set` [ RunTime:0.001125s ]
[ sql ] [ SQL ] SELECT * FROM `gc_web_set` WHERE  `id` = 1 LIMIT 1 [ RunTime:0.000456s ]
[ sql ] [ SQL ] SHOW COLUMNS FROM `gc_category` [ RunTime:0.000571s ]
[ sql ] [ SQL ] SELECT `id`,`title`,`create_time`,`ftitle` FROM `gc_category` ORDER BY `sort` ASC [ RunTime:0.000405s ]
[ sql ] [ SQL ] SHOW COLUMNS FROM `gc_cate` [ RunTime:0.000821s ]
[ sql ] [ SQL ] SELECT * FROM `gc_cate` WHERE  ( status = 0 ) ORDER BY `sort` ASC [ RunTime:0.000575s ]
---------------------------------------------------------------
[2023-04-10T09:16:55+08:00] 127.0.0.1 GET localhost:8333/sysman/webset/edit
[运行时间：0.076554s] [吞吐率：13.06req/s] [内存消耗：9,153.34kb] [文件加载：88]
[ sql ] [ DB ] CONNECT:[ UseTime:0.002311s ] mysql:host=127.0.0.1;port=3306;dbname=governor_cup_2020;charset=utf8
[ sql ] [ SQL ] SHOW COLUMNS FROM `gc_admin` [ RunTime:0.001398s ]
[ sql ] [ SQL ] SELECT * FROM `gc_admin` WHERE  `id` = 1 LIMIT 1 [ RunTime:0.000398s ]
[ sql ] [ SQL ] SHOW COLUMNS FROM `gc_web_set` [ RunTime:0.000540s ]
[ sql ] [ SQL ] SELECT * FROM `gc_web_set` WHERE  `id` = 1 LIMIT 1 [ RunTime:0.001249s ]
---------------------------------------------------------------
[2023-04-10T09:19:22+08:00] 127.0.0.1 POST localhost:8333/sysman/webset/uploadimg
[运行时间：0.079902s] [吞吐率：12.52req/s] [内存消耗：9,244.30kb] [文件加载：88]
[ sql ] [ DB ] CONNECT:[ UseTime:0.001338s ] mysql:host=127.0.0.1;port=3306;dbname=governor_cup_2020;charset=utf8
[ sql ] [ SQL ] SHOW COLUMNS FROM `gc_admin` [ RunTime:0.001541s ]
[ sql ] [ SQL ] SELECT * FROM `gc_admin` WHERE  `id` = 1 LIMIT 1 [ RunTime:0.000503s ]
---------------------------------------------------------------
[2023-04-10T09:19:37+08:00] 127.0.0.1 POST localhost:8333/sysman/webset/uploadimg
[运行时间：0.070709s] [吞吐率：14.14req/s] [内存消耗：9,244.30kb] [文件加载：88]
[ sql ] [ DB ] CONNECT:[ UseTime:0.002398s ] mysql:host=127.0.0.1;port=3306;dbname=governor_cup_2020;charset=utf8
[ sql ] [ SQL ] SHOW COLUMNS FROM `gc_admin` [ RunTime:0.001442s ]
[ sql ] [ SQL ] SELECT * FROM `gc_admin` WHERE  `id` = 1 LIMIT 1 [ RunTime:0.000737s ]
---------------------------------------------------------------
[2023-04-10T09:19:43+08:00] 127.0.0.1 POST localhost:8333/sysman/webset/uploadimg
[运行时间：0.067415s] [吞吐率：14.83req/s] [内存消耗：9,244.30kb] [文件加载：88]
[ sql ] [ DB ] CONNECT:[ UseTime:0.001190s ] mysql:host=127.0.0.1;port=3306;dbname=governor_cup_2020;charset=utf8
[ sql ] [ SQL ] SHOW COLUMNS FROM `gc_admin` [ RunTime:0.001278s ]
[ sql ] [ SQL ] SELECT * FROM `gc_admin` WHERE  `id` = 1 LIMIT 1 [ RunTime:0.000596s ]
---------------------------------------------------------------
[2023-04-10T09:20:01+08:00] 127.0.0.1 POST localhost:8333/sysman/webset/save
[运行时间：0.066701s] [吞吐率：14.99req/s] [内存消耗：9,106.81kb] [文件加载：87]
[ sql ] [ DB ] CONNECT:[ UseTime:0.000765s ] mysql:host=127.0.0.1;port=3306;dbname=governor_cup_2020;charset=utf8
[ sql ] [ SQL ] SHOW COLUMNS FROM `gc_admin` [ RunTime:0.001268s ]
[ sql ] [ SQL ] SELECT * FROM `gc_admin` WHERE  `id` = 1 LIMIT 1 [ RunTime:0.000437s ]
[ sql ] [ SQL ] SHOW COLUMNS FROM `gc_web_set` [ RunTime:0.001020s ]
[ sql ] [ SQL ] UPDATE `gc_web_set`  SET `name` = '烟台市市长杯' , `logo` = '/uploads/20230410/4258c188ff2d012977d788044d63bc46.png' , `host` = '山东省人民政府' , `support` = '中国工业设计协会' , `undertake` = '山东省工业和信息化厅,山东省教育厅,山东省财政厅,山东省市场监督管理局,山东省总工会,共青团山东省委,山东广播电视台' , `xieban` = '各市工业和信息化局,山东工业设计协会' , `zuwei` = '组委会办公室' , `contacts` = '山东省工业和信息化厅轻工纺织产业处' , `tel` = '0535-8209023,18519593161,18663801108' , `weixin` = '18519593161(微信同号)' , `email` = 'sdgcup@vip.163.com' , `beian` = '鲁ICP备18054954号' , `erweima_one` = '/uploads/20230410/7cce5927a5fd5c554d3ef5971c0c6898.jpg' , `erweima_two` = '/uploads/20230410/7cce5927a5fd5c554d3ef5971c0c6898.jpg' , `footlogo` = '/uploads/20220330/e0c0f4ca9966c733c287842792d148ef.png'  WHERE  `id` = 1 [ RunTime:0.002319s ]
---------------------------------------------------------------
[2023-04-10T09:20:05+08:00] 127.0.0.1 GET localhost:8333/
[运行时间：0.065182s] [吞吐率：15.34req/s] [内存消耗：9,135.22kb] [文件加载：87]
[ sql ] [ DB ] CONNECT:[ UseTime:0.000906s ] mysql:host=127.0.0.1;port=3306;dbname=governor_cup_2020;charset=utf8
[ sql ] [ SQL ] SHOW COLUMNS FROM `gc_web_set` [ RunTime:0.001269s ]
[ sql ] [ SQL ] SELECT * FROM `gc_web_set` WHERE  `id` = 1 LIMIT 1 [ RunTime:0.000603s ]
[ sql ] [ SQL ] SHOW COLUMNS FROM `gc_category` [ RunTime:0.001072s ]
[ sql ] [ SQL ] SELECT `id`,`title`,`create_time`,`ftitle` FROM `gc_category` ORDER BY `sort` ASC [ RunTime:0.000599s ]
[ sql ] [ SQL ] SHOW COLUMNS FROM `gc_cate` [ RunTime:0.001085s ]
[ sql ] [ SQL ] SELECT * FROM `gc_cate` WHERE  ( status = 0 ) ORDER BY `sort` ASC [ RunTime:0.001092s ]
---------------------------------------------------------------
[2023-04-10T09:20:10+08:00] 127.0.0.1 GET localhost:8333/
[运行时间：0.074264s] [吞吐率：13.47req/s] [内存消耗：9,135.23kb] [文件加载：87]
[ sql ] [ DB ] CONNECT:[ UseTime:0.000883s ] mysql:host=127.0.0.1;port=3306;dbname=governor_cup_2020;charset=utf8
[ sql ] [ SQL ] SHOW COLUMNS FROM `gc_web_set` [ RunTime:0.000795s ]
[ sql ] [ SQL ] SELECT * FROM `gc_web_set` WHERE  `id` = 1 LIMIT 1 [ RunTime:0.000450s ]
[ sql ] [ SQL ] SHOW COLUMNS FROM `gc_category` [ RunTime:0.000429s ]
[ sql ] [ SQL ] SELECT `id`,`title`,`create_time`,`ftitle` FROM `gc_category` ORDER BY `sort` ASC [ RunTime:0.000328s ]
[ sql ] [ SQL ] SHOW COLUMNS FROM `gc_cate` [ RunTime:0.000552s ]
[ sql ] [ SQL ] SELECT * FROM `gc_cate` WHERE  ( status = 0 ) ORDER BY `sort` ASC [ RunTime:0.000516s ]
---------------------------------------------------------------
[2023-04-10T09:20:29+08:00] 127.0.0.1 GET localhost:8333/sysman/webset/edit
[运行时间：0.073946s] [吞吐率：13.52req/s] [内存消耗：9,153.29kb] [文件加载：88]
[ sql ] [ DB ] CONNECT:[ UseTime:0.001012s ] mysql:host=127.0.0.1;port=3306;dbname=governor_cup_2020;charset=utf8
[ sql ] [ SQL ] SHOW COLUMNS FROM `gc_admin` [ RunTime:0.000822s ]
[ sql ] [ SQL ] SELECT * FROM `gc_admin` WHERE  `id` = 1 LIMIT 1 [ RunTime:0.000356s ]
[ sql ] [ SQL ] SHOW COLUMNS FROM `gc_web_set` [ RunTime:0.000514s ]
[ sql ] [ SQL ] SELECT * FROM `gc_web_set` WHERE  `id` = 1 LIMIT 1 [ RunTime:0.000311s ]
---------------------------------------------------------------
[2023-04-10T09:20:35+08:00] 127.0.0.1 GET localhost:8333/sysman/change
[运行时间：0.072659s] [吞吐率：13.76req/s] [内存消耗：9,155.52kb] [文件加载：88]
[ sql ] [ DB ] CONNECT:[ UseTime:0.000910s ] mysql:host=127.0.0.1;port=3306;dbname=governor_cup_2020;charset=utf8
[ sql ] [ SQL ] SHOW COLUMNS FROM `gc_admin` [ RunTime:0.003537s ]
[ sql ] [ SQL ] SELECT * FROM `gc_admin` WHERE  `id` = 1 LIMIT 1 [ RunTime:0.001326s ]
[ sql ] [ SQL ] SHOW COLUMNS FROM `gc_category` [ RunTime:0.001486s ]
[ sql ] [ SQL ] SELECT * FROM `gc_category` [ RunTime:0.000449s ]
---------------------------------------------------------------
[2023-04-10T09:20:35+08:00] 127.0.0.1 GET localhost:8333/sysman/change/index?page=1&limit=10
[运行时间：0.056082s] [吞吐率：17.83req/s] [内存消耗：9,263.38kb] [文件加载：88]
[ sql ] [ DB ] CONNECT:[ UseTime:0.000718s ] mysql:host=127.0.0.1;port=3306;dbname=governor_cup_2020;charset=utf8
[ sql ] [ SQL ] SHOW COLUMNS FROM `gc_admin` [ RunTime:0.000856s ]
[ sql ] [ SQL ] SELECT * FROM `gc_admin` WHERE  `id` = 1 LIMIT 1 [ RunTime:0.000384s ]
[ sql ] [ SQL ] SHOW COLUMNS FROM `gc_category` [ RunTime:0.000468s ]
[ sql ] [ SQL ] SELECT * FROM `gc_category` [ RunTime:0.000909s ]
[ sql ] [ SQL ] SHOW COLUMNS FROM `gc_cate` [ RunTime:0.000688s ]
[ sql ] [ SQL ] SELECT COUNT(*) AS tp_count FROM `gc_cate` [ RunTime:0.000308s ]
[ sql ] [ SQL ] SELECT `id`,`title`,`create_time`,`cateid` FROM `gc_cate` ORDER BY `id` DESC LIMIT 0,10 [ RunTime:0.000308s ]
[ sql ] [ SQL ] SELECT * FROM `gc_category` WHERE  `id` = 1 LIMIT 1 [ RunTime:0.000344s ]
[ sql ] [ SQL ] SELECT * FROM `gc_category` WHERE  `id` = 7 LIMIT 1 [ RunTime:0.000224s ]
[ sql ] [ SQL ] SELECT * FROM `gc_category` WHERE  `id` = 7 LIMIT 1 [ RunTime:0.000242s ]
[ sql ] [ SQL ] SELECT * FROM `gc_category` WHERE  `id` = 11 LIMIT 1 [ RunTime:0.000653s ]
[ sql ] [ SQL ] SELECT * FROM `gc_category` WHERE  `id` = 13 LIMIT 1 [ RunTime:0.000311s ]
[ sql ] [ SQL ] SELECT * FROM `gc_category` WHERE  `id` = 8 LIMIT 1 [ RunTime:0.000263s ]
[ sql ] [ SQL ] SELECT * FROM `gc_category` WHERE  `id` = 8 LIMIT 1 [ RunTime:0.000249s ]
[ sql ] [ SQL ] SELECT * FROM `gc_category` WHERE  `id` = 11 LIMIT 1 [ RunTime:0.000271s ]
[ sql ] [ SQL ] SELECT * FROM `gc_category` WHERE  `id` = 10 LIMIT 1 [ RunTime:0.000260s ]
[ sql ] [ SQL ] SELECT * FROM `gc_category` WHERE  `id` = 1 LIMIT 1 [ RunTime:0.000269s ]
---------------------------------------------------------------
[2023-04-10T09:29:56+08:00] 127.0.0.1 GET localhost:8333/reg
[运行时间：0.075894s] [吞吐率：13.18req/s] [内存消耗：9,137.70kb] [文件加载：86]
[ sql ] [ DB ] CONNECT:[ UseTime:0.000835s ] mysql:host=127.0.0.1;port=3306;dbname=governor_cup_2020;charset=utf8
[ sql ] [ SQL ] SHOW COLUMNS FROM `gc_web_set` [ RunTime:0.001074s ]
[ sql ] [ SQL ] SELECT * FROM `gc_web_set` WHERE  `id` = 1 LIMIT 1 [ RunTime:0.000553s ]
[ sql ] [ SQL ] SHOW COLUMNS FROM `gc_category` [ RunTime:0.000743s ]
[ sql ] [ SQL ] SELECT `id`,`title`,`create_time`,`ftitle` FROM `gc_category` ORDER BY `sort` ASC [ RunTime:0.000546s ]
[ sql ] [ SQL ] SHOW COLUMNS FROM `gc_cate` [ RunTime:0.000723s ]
[ sql ] [ SQL ] SELECT * FROM `gc_cate` WHERE  ( status = 0 ) [ RunTime:0.000506s ]
---------------------------------------------------------------
[2023-04-10T09:29:57+08:00] 127.0.0.1 GET localhost:8333/login
[运行时间：0.070850s] [吞吐率：14.11req/s] [内存消耗：9,138.76kb] [文件加载：86]
[ sql ] [ DB ] CONNECT:[ UseTime:0.000974s ] mysql:host=127.0.0.1;port=3306;dbname=governor_cup_2020;charset=utf8
[ sql ] [ SQL ] SHOW COLUMNS FROM `gc_web_set` [ RunTime:0.001172s ]
[ sql ] [ SQL ] SELECT * FROM `gc_web_set` WHERE  `id` = 1 LIMIT 1 [ RunTime:0.000545s ]
[ sql ] [ SQL ] SHOW COLUMNS FROM `gc_category` [ RunTime:0.000859s ]
[ sql ] [ SQL ] SELECT `id`,`title`,`create_time`,`ftitle` FROM `gc_category` ORDER BY `sort` ASC [ RunTime:0.000570s ]
[ sql ] [ SQL ] SHOW COLUMNS FROM `gc_cate` [ RunTime:0.000826s ]
[ sql ] [ SQL ] SELECT * FROM `gc_cate` WHERE  ( status = 0 ) [ RunTime:0.000431s ]
---------------------------------------------------------------
[2023-04-10T09:30:06+08:00] 127.0.0.1 POST localhost:8333/login
[运行时间：0.072755s] [吞吐率：13.74req/s] [内存消耗：9,464.34kb] [文件加载：96]
[ sql ] [ DB ] CONNECT:[ UseTime:0.000670s ] mysql:host=127.0.0.1;port=3306;dbname=governor_cup_2020;charset=utf8
[ sql ] [ SQL ] SHOW COLUMNS FROM `gc_web_set` [ RunTime:0.000726s ]
[ sql ] [ SQL ] SELECT * FROM `gc_web_set` WHERE  `id` = 1 LIMIT 1 [ RunTime:0.002954s ]
[ sql ] [ SQL ] SHOW COLUMNS FROM `gc_category` [ RunTime:0.000850s ]
[ sql ] [ SQL ] SELECT `id`,`title`,`create_time`,`ftitle` FROM `gc_category` ORDER BY `sort` ASC [ RunTime:0.001001s ]
[ sql ] [ SQL ] SHOW COLUMNS FROM `gc_cate` [ RunTime:0.000693s ]
[ sql ] [ SQL ] SELECT * FROM `gc_cate` WHERE  ( status = 0 ) [ RunTime:0.000710s ]
[ sql ] [ SQL ] SHOW COLUMNS FROM `gc_enroll_members` [ RunTime:0.001254s ]
[ sql ] [ SQL ] SELECT * FROM `gc_enroll_members` WHERE  `mobile` = '15810391652'  AND `password` = '5723099d684cc3811d0e0f8b0610e857' LIMIT 1 [ RunTime:0.001327s ]
---------------------------------------------------------------
[2023-04-10T09:30:36+08:00] 127.0.0.1 POST localhost:8333/login
[运行时间：0.073946s] [吞吐率：13.52req/s] [内存消耗：9,464.34kb] [文件加载：96]
[ sql ] [ DB ] CONNECT:[ UseTime:0.001371s ] mysql:host=127.0.0.1;port=3306;dbname=governor_cup_2020;charset=utf8
[ sql ] [ SQL ] SHOW COLUMNS FROM `gc_web_set` [ RunTime:0.000856s ]
[ sql ] [ SQL ] SELECT * FROM `gc_web_set` WHERE  `id` = 1 LIMIT 1 [ RunTime:0.000512s ]
[ sql ] [ SQL ] SHOW COLUMNS FROM `gc_category` [ RunTime:0.000527s ]
[ sql ] [ SQL ] SELECT `id`,`title`,`create_time`,`ftitle` FROM `gc_category` ORDER BY `sort` ASC [ RunTime:0.000392s ]
[ sql ] [ SQL ] SHOW COLUMNS FROM `gc_cate` [ RunTime:0.000486s ]
[ sql ] [ SQL ] SELECT * FROM `gc_cate` WHERE  ( status = 0 ) [ RunTime:0.000354s ]
[ sql ] [ SQL ] SHOW COLUMNS FROM `gc_enroll_members` [ RunTime:0.000722s ]
[ sql ] [ SQL ] SELECT * FROM `gc_enroll_members` WHERE  `mobile` = '15810391652'  AND `password` = '5723099d684cc3811d0e0f8b0610e857' LIMIT 1 [ RunTime:0.001379s ]
---------------------------------------------------------------
[2023-04-10T10:09:26+08:00] 127.0.0.1 POST localhost:8333/sysman/webset/save
[运行时间：0.072096s] [吞吐率：13.87req/s] [内存消耗：9,107.59kb] [文件加载：87]
[ sql ] [ DB ] CONNECT:[ UseTime:0.000864s ] mysql:host=127.0.0.1;port=3306;dbname=governor_cup_2020;charset=utf8
[ sql ] [ SQL ] SHOW COLUMNS FROM `gc_admin` [ RunTime:0.000995s ]
[ sql ] [ SQL ] SELECT * FROM `gc_admin` WHERE  `id` = 1 LIMIT 1 [ RunTime:0.000405s ]
[ sql ] [ SQL ] SHOW COLUMNS FROM `gc_web_set` [ RunTime:0.000491s ]
[ sql ] [ SQL ] UPDATE `gc_web_set`  SET `name` = '烟台市第五届“市长杯”工业设计大赛' , `logo` = '/uploads/20230410/4258c188ff2d012977d788044d63bc46.png' , `host` = '山东省人民政府' , `support` = '中国工业设计协会' , `undertake` = '山东省工业和信息化厅,山东省教育厅,山东省财政厅,山东省市场监督管理局,山东省总工会,共青团山东省委,山东广播电视台' , `xieban` = '各市工业和信息化局,山东工业设计协会' , `zuwei` = '组委会办公室' , `contacts` = '山东省工业和信息化厅轻工纺织产业处' , `tel` = '0535-8209023,18519593161,18663801108' , `weixin` = '18519593161(微信同号)' , `email` = 'sdgcup@vip.163.com' , `beian` = '鲁ICP备18054954号' , `erweima_one` = '/uploads/20230410/7cce5927a5fd5c554d3ef5971c0c6898.jpg' , `erweima_two` = '/uploads/20230410/7cce5927a5fd5c554d3ef5971c0c6898.jpg' , `footlogo` = '/uploads/20220330/e0c0f4ca9966c733c287842792d148ef.png'  WHERE  `id` = 1 [ RunTime:0.001045s ]
---------------------------------------------------------------
[2023-04-10T10:20:50+08:00] 127.0.0.1 POST localhost:8333/login
[运行时间：0.066485s] [吞吐率：15.04req/s] [内存消耗：8,133.70kb] [文件加载：78]
[ error ] [0]语法解析错误: syntax error, unexpected '->' (T_OBJECT_OPERATOR), expecting ',' or ';'[/Users/xingyoulin/www/szb/application/home/controller/User.php:57]
---------------------------------------------------------------
[2023-04-10T10:21:48+08:00] 127.0.0.1 POST localhost:8333/login
[运行时间：0.093047s] [吞吐率：10.75req/s] [内存消耗：9,464.24kb] [文件加载：96]
[ sql ] [ DB ] CONNECT:[ UseTime:0.000687s ] mysql:host=127.0.0.1;port=3306;dbname=governor_cup_2020;charset=utf8
[ sql ] [ SQL ] SHOW COLUMNS FROM `gc_web_set` [ RunTime:0.002066s ]
[ sql ] [ SQL ] SELECT * FROM `gc_web_set` WHERE  `id` = 1 LIMIT 1 [ RunTime:0.001913s ]
[ sql ] [ SQL ] SHOW COLUMNS FROM `gc_category` [ RunTime:0.000587s ]
[ sql ] [ SQL ] SELECT `id`,`title`,`create_time`,`ftitle` FROM `gc_category` ORDER BY `sort` ASC [ RunTime:0.000300s ]
[ sql ] [ SQL ] SHOW COLUMNS FROM `gc_cate` [ RunTime:0.001995s ]
[ sql ] [ SQL ] SELECT * FROM `gc_cate` WHERE  ( status = 0 ) [ RunTime:0.000674s ]
[ sql ] [ SQL ] SHOW COLUMNS FROM `gc_enroll_members` [ RunTime:0.001241s ]
[ sql ] [ SQL ] SELECT * FROM `gc_enroll_members` WHERE  `mobile` = '15810391652'  AND `password` = '5723099d684cc3811d0e0f8b0610e857' LIMIT 1 [ RunTime:0.001983s ]
---------------------------------------------------------------
[2023-04-10T10:22:58+08:00] 127.0.0.1 POST localhost:8333/login
[运行时间：0.071518s] [吞吐率：13.98req/s] [内存消耗：9,446.41kb] [文件加载：91]
[ sql ] [ DB ] CONNECT:[ UseTime:0.001259s ] mysql:host=127.0.0.1;port=3306;dbname=governor_cup_2020;charset=utf8
[ sql ] [ SQL ] SHOW COLUMNS FROM `gc_web_set` [ RunTime:0.001140s ]
[ sql ] [ SQL ] SELECT * FROM `gc_web_set` WHERE  `id` = 1 LIMIT 1 [ RunTime:0.001325s ]
[ sql ] [ SQL ] SHOW COLUMNS FROM `gc_category` [ RunTime:0.000782s ]
[ sql ] [ SQL ] SELECT `id`,`title`,`create_time`,`ftitle` FROM `gc_category` ORDER BY `sort` ASC [ RunTime:0.000564s ]
[ sql ] [ SQL ] SHOW COLUMNS FROM `gc_cate` [ RunTime:0.001056s ]
[ sql ] [ SQL ] SELECT * FROM `gc_cate` WHERE  ( status = 0 ) [ RunTime:0.000546s ]
[ sql ] [ SQL ] SHOW COLUMNS FROM `gc_enroll_members` [ RunTime:0.001444s ]
[ sql ] [ SQL ] SELECT * FROM `gc_enroll_members` WHERE  `mobile` = '15810391652' LIMIT 1 [ RunTime:0.002335s ]
---------------------------------------------------------------
[2023-04-10T10:31:28+08:00] 127.0.0.1 POST localhost:8333/login
[运行时间：0.082909s] [吞吐率：12.06req/s] [内存消耗：9,448.56kb] [文件加载：91]
[ sql ] [ DB ] CONNECT:[ UseTime:0.001147s ] mysql:host=127.0.0.1;port=3306;dbname=governor_cup_2020;charset=utf8
[ sql ] [ SQL ] SHOW COLUMNS FROM `gc_web_set` [ RunTime:0.000830s ]
[ sql ] [ SQL ] SELECT * FROM `gc_web_set` WHERE  `id` = 1 LIMIT 1 [ RunTime:0.000665s ]
[ sql ] [ SQL ] SHOW COLUMNS FROM `gc_category` [ RunTime:0.000613s ]
[ sql ] [ SQL ] SELECT `id`,`title`,`create_time`,`ftitle` FROM `gc_category` ORDER BY `sort` ASC [ RunTime:0.000306s ]
[ sql ] [ SQL ] SHOW COLUMNS FROM `gc_cate` [ RunTime:0.000419s ]
[ sql ] [ SQL ] SELECT * FROM `gc_cate` WHERE  ( status = 0 ) [ RunTime:0.000296s ]
[ sql ] [ SQL ] SHOW COLUMNS FROM `gc_enroll_members` [ RunTime:0.000490s ]
[ sql ] [ SQL ] SELECT * FROM `gc_enroll_members` WHERE  `mobile` = '13210091201' LIMIT 1 [ RunTime:0.000204s ]
---------------------------------------------------------------
[2023-04-10T10:37:11+08:00] 127.0.0.1 POST localhost:8333/login
[运行时间：0.080818s] [吞吐率：12.37req/s] [内存消耗：9,118.87kb] [文件加载：84]
[ sql ] [ DB ] CONNECT:[ UseTime:0.001403s ] mysql:host=127.0.0.1;port=3306;dbname=governor_cup_2020;charset=utf8
[ sql ] [ SQL ] SHOW COLUMNS FROM `gc_web_set` [ RunTime:0.000986s ]
[ sql ] [ SQL ] SELECT * FROM `gc_web_set` WHERE  `id` = 1 LIMIT 1 [ RunTime:0.001426s ]
[ sql ] [ SQL ] SHOW COLUMNS FROM `gc_category` [ RunTime:0.000634s ]
[ sql ] [ SQL ] SELECT `id`,`title`,`create_time`,`ftitle` FROM `gc_category` ORDER BY `sort` ASC [ RunTime:0.000404s ]
[ sql ] [ SQL ] SHOW COLUMNS FROM `gc_cate` [ RunTime:0.000485s ]
[ sql ] [ SQL ] SELECT * FROM `gc_cate` WHERE  ( status = 0 ) [ RunTime:0.000536s ]
---------------------------------------------------------------
[2023-04-10T10:37:45+08:00] 127.0.0.1 POST localhost:8333/login
[运行时间：0.074646s] [吞吐率：13.40req/s] [内存消耗：9,118.87kb] [文件加载：84]
[ sql ] [ DB ] CONNECT:[ UseTime:0.000780s ] mysql:host=127.0.0.1;port=3306;dbname=governor_cup_2020;charset=utf8
[ sql ] [ SQL ] SHOW COLUMNS FROM `gc_web_set` [ RunTime:0.000792s ]
[ sql ] [ SQL ] SELECT * FROM `gc_web_set` WHERE  `id` = 1 LIMIT 1 [ RunTime:0.000443s ]
[ sql ] [ SQL ] SHOW COLUMNS FROM `gc_category` [ RunTime:0.000498s ]
[ sql ] [ SQL ] SELECT `id`,`title`,`create_time`,`ftitle` FROM `gc_category` ORDER BY `sort` ASC [ RunTime:0.000318s ]
[ sql ] [ SQL ] SHOW COLUMNS FROM `gc_cate` [ RunTime:0.000805s ]
[ sql ] [ SQL ] SELECT * FROM `gc_cate` WHERE  ( status = 0 ) [ RunTime:0.011393s ]
---------------------------------------------------------------
[2023-04-10T10:58:22+08:00] 127.0.0.1 POST localhost:8333/login
[运行时间：0.082023s] [吞吐率：12.19req/s] [内存消耗：9,125.28kb] [文件加载：85]
[ sql ] [ DB ] CONNECT:[ UseTime:0.000638s ] mysql:host=127.0.0.1;port=3306;dbname=governor_cup_2020;charset=utf8
[ sql ] [ SQL ] SHOW COLUMNS FROM `gc_web_set` [ RunTime:0.001076s ]
[ sql ] [ SQL ] SELECT * FROM `gc_web_set` WHERE  `id` = 1 LIMIT 1 [ RunTime:0.000337s ]
[ sql ] [ SQL ] SHOW COLUMNS FROM `gc_category` [ RunTime:0.000418s ]
[ sql ] [ SQL ] SELECT `id`,`title`,`create_time`,`ftitle` FROM `gc_category` ORDER BY `sort` ASC [ RunTime:0.000277s ]
[ sql ] [ SQL ] SHOW COLUMNS FROM `gc_cate` [ RunTime:0.000500s ]
[ sql ] [ SQL ] SELECT * FROM `gc_cate` WHERE  ( status = 0 ) [ RunTime:0.000506s ]
---------------------------------------------------------------
[2023-04-10T11:00:51+08:00] 127.0.0.1 POST localhost:8333/login
[运行时间：0.080368s] [吞吐率：12.44req/s] [内存消耗：9,125.28kb] [文件加载：85]
[ sql ] [ DB ] CONNECT:[ UseTime:0.000796s ] mysql:host=127.0.0.1;port=3306;dbname=governor_cup_2020;charset=utf8
[ sql ] [ SQL ] SHOW COLUMNS FROM `gc_web_set` [ RunTime:0.001659s ]
[ sql ] [ SQL ] SELECT * FROM `gc_web_set` WHERE  `id` = 1 LIMIT 1 [ RunTime:0.000341s ]
[ sql ] [ SQL ] SHOW COLUMNS FROM `gc_category` [ RunTime:0.000628s ]
[ sql ] [ SQL ] SELECT `id`,`title`,`create_time`,`ftitle` FROM `gc_category` ORDER BY `sort` ASC [ RunTime:0.000388s ]
[ sql ] [ SQL ] SHOW COLUMNS FROM `gc_cate` [ RunTime:0.000574s ]
[ sql ] [ SQL ] SELECT * FROM `gc_cate` WHERE  ( status = 0 ) [ RunTime:0.000452s ]
---------------------------------------------------------------
[2023-04-10T11:01:37+08:00] 127.0.0.1 POST localhost:8333/login
[运行时间：0.073087s] [吞吐率：13.68req/s] [内存消耗：9,468.11kb] [文件加载：97]
[ sql ] [ DB ] CONNECT:[ UseTime:0.000727s ] mysql:host=127.0.0.1;port=3306;dbname=governor_cup_2020;charset=utf8
[ sql ] [ SQL ] SHOW COLUMNS FROM `gc_web_set` [ RunTime:0.000853s ]
[ sql ] [ SQL ] SELECT * FROM `gc_web_set` WHERE  `id` = 1 LIMIT 1 [ RunTime:0.000397s ]
[ sql ] [ SQL ] SHOW COLUMNS FROM `gc_category` [ RunTime:0.000476s ]
[ sql ] [ SQL ] SELECT `id`,`title`,`create_time`,`ftitle` FROM `gc_category` ORDER BY `sort` ASC [ RunTime:0.000355s ]
[ sql ] [ SQL ] SHOW COLUMNS FROM `gc_cate` [ RunTime:0.000975s ]
[ sql ] [ SQL ] SELECT * FROM `gc_cate` WHERE  ( status = 0 ) [ RunTime:0.000380s ]
[ sql ] [ SQL ] SHOW COLUMNS FROM `gc_enroll_members` [ RunTime:0.001069s ]
[ sql ] [ SQL ] SELECT * FROM `gc_enroll_members` WHERE  `mobile` = '13210091201' LIMIT 1 [ RunTime:0.000494s ]
---------------------------------------------------------------
[2023-04-10T11:01:38+08:00] 127.0.0.1 GET localhost:8333/ucenter
[运行时间：0.107053s] [吞吐率：9.34req/s] [内存消耗：9,340.05kb] [文件加载：88]
[ sql ] [ DB ] CONNECT:[ UseTime:0.001013s ] mysql:host=127.0.0.1;port=3306;dbname=governor_cup_2020;charset=utf8
[ sql ] [ SQL ] SHOW COLUMNS FROM `gc_web_set` [ RunTime:0.002866s ]
[ sql ] [ SQL ] SELECT * FROM `gc_web_set` WHERE  `id` = 1 LIMIT 1 [ RunTime:0.000730s ]
[ sql ] [ SQL ] SHOW COLUMNS FROM `gc_category` [ RunTime:0.004265s ]
[ sql ] [ SQL ] SELECT `id`,`title`,`create_time`,`ftitle` FROM `gc_category` ORDER BY `sort` ASC [ RunTime:0.000523s ]
[ sql ] [ SQL ] SHOW COLUMNS FROM `gc_cate` [ RunTime:0.001655s ]
[ sql ] [ SQL ] SELECT * FROM `gc_cate` WHERE  ( status = 0 ) [ RunTime:0.002149s ]
[ sql ] [ SQL ] SHOW COLUMNS FROM `gc_systems` [ RunTime:0.000799s ]
[ sql ] [ SQL ] SELECT `value` FROM `gc_systems` WHERE  ( id=1 ) LIMIT 1 [ RunTime:0.001871s ]
[ sql ] [ SQL ] SELECT `value` FROM `gc_systems` WHERE  ( id=2 ) LIMIT 1 [ RunTime:0.000317s ]
[ sql ] [ SQL ] SHOW COLUMNS FROM `gc_entry_work` [ RunTime:0.000965s ]
[ sql ] [ SQL ] SELECT `title`,`id`,`submitto`,`status`,`zj_audit1`,`zj_audit2`,`zj_audit3`,`pdf_upload_url`,`checkstatus1`,`certificate_cards`,`gx_audit` FROM `gc_entry_work` WHERE  `uid` = 395 ORDER BY `id` DESC [ RunTime:0.011588s ]
---------------------------------------------------------------
[2023-04-10T11:01:42+08:00] 127.0.0.1 GET localhost:8333/enroll
[运行时间：0.080094s] [吞吐率：12.49req/s] [内存消耗：9,501.89kb] [文件加载：88]
[ sql ] [ DB ] CONNECT:[ UseTime:0.001090s ] mysql:host=127.0.0.1;port=3306;dbname=governor_cup_2020;charset=utf8
[ sql ] [ SQL ] SHOW COLUMNS FROM `gc_web_set` [ RunTime:0.000743s ]
[ sql ] [ SQL ] SELECT * FROM `gc_web_set` WHERE  `id` = 1 LIMIT 1 [ RunTime:0.000373s ]
[ sql ] [ SQL ] SHOW COLUMNS FROM `gc_category` [ RunTime:0.000485s ]
[ sql ] [ SQL ] SELECT `id`,`title`,`create_time`,`ftitle` FROM `gc_category` ORDER BY `sort` ASC [ RunTime:0.000346s ]
[ sql ] [ SQL ] SHOW COLUMNS FROM `gc_cate` [ RunTime:0.000416s ]
[ sql ] [ SQL ] SELECT * FROM `gc_cate` WHERE  ( cateid = 7 and status = 0 ) ORDER BY `sort` ASC [ RunTime:0.000367s ]
[ sql ] [ SQL ] SELECT * FROM `gc_cate` WHERE  ( cateid = 9 and status = 0 ) ORDER BY `sort` ASC [ RunTime:0.000310s ]
[ sql ] [ SQL ] SELECT * FROM `gc_cate` WHERE  ( cateid = 8 and status = 0 ) ORDER BY `sort` ASC [ RunTime:0.000362s ]
[ sql ] [ SQL ] SELECT * FROM `gc_cate` WHERE  ( cateid = 6 and status = 0 ) ORDER BY `sort` ASC [ RunTime:0.000312s ]
[ sql ] [ SQL ] SELECT * FROM `gc_cate` WHERE  ( status = 0 ) [ RunTime:0.000287s ]
---------------------------------------------------------------
[2023-04-10T13:47:28+08:00] 127.0.0.1 GET localhost:8333/favicon.ico
[运行时间：0.079933s] [吞吐率：12.51req/s] [内存消耗：9,134.45kb] [文件加载：87]
[ sql ] [ DB ] CONNECT:[ UseTime:0.003086s ] mysql:host=127.0.0.1;port=3306;dbname=governor_cup_2020;charset=utf8
[ sql ] [ SQL ] SHOW COLUMNS FROM `gc_web_set` [ RunTime:0.001126s ]
[ sql ] [ SQL ] SELECT * FROM `gc_web_set` WHERE  `id` = 1 LIMIT 1 [ RunTime:0.000520s ]
[ sql ] [ SQL ] SHOW COLUMNS FROM `gc_category` [ RunTime:0.000732s ]
[ sql ] [ SQL ] SELECT `id`,`title`,`create_time`,`ftitle` FROM `gc_category` ORDER BY `sort` ASC [ RunTime:0.000433s ]
[ sql ] [ SQL ] SHOW COLUMNS FROM `gc_cate` [ RunTime:0.000446s ]
[ sql ] [ SQL ] SELECT * FROM `gc_cate` WHERE  ( status = 0 ) ORDER BY `sort` ASC [ RunTime:0.000467s ]
---------------------------------------------------------------
[2023-04-10T16:47:15+08:00] 127.0.0.1 GET localhost:8333/
[运行时间：0.074701s] [吞吐率：13.39req/s] [内存消耗：9,136.65kb] [文件加载：87]
[ sql ] [ DB ] CONNECT:[ UseTime:0.001336s ] mysql:host=127.0.0.1;port=3306;dbname=governor_cup_2020;charset=utf8
[ sql ] [ SQL ] SHOW COLUMNS FROM `gc_web_set` [ RunTime:0.001394s ]
[ sql ] [ SQL ] SELECT * FROM `gc_web_set` WHERE  `id` = 1 LIMIT 1 [ RunTime:0.001126s ]
[ sql ] [ SQL ] SHOW COLUMNS FROM `gc_category` [ RunTime:0.000654s ]
[ sql ] [ SQL ] SELECT `id`,`title`,`create_time`,`ftitle` FROM `gc_category` ORDER BY `sort` ASC [ RunTime:0.000378s ]
[ sql ] [ SQL ] SHOW COLUMNS FROM `gc_cate` [ RunTime:0.000654s ]
[ sql ] [ SQL ] SELECT * FROM `gc_cate` WHERE  ( status = 0 ) ORDER BY `sort` ASC [ RunTime:0.000578s ]
---------------------------------------------------------------
[2023-04-10T16:47:15+08:00] 127.0.0.1 GET localhost:8333/favicon.ico
[运行时间：0.061918s] [吞吐率：16.15req/s] [内存消耗：9,136.63kb] [文件加载：87]
[ sql ] [ DB ] CONNECT:[ UseTime:0.001087s ] mysql:host=127.0.0.1;port=3306;dbname=governor_cup_2020;charset=utf8
[ sql ] [ SQL ] SHOW COLUMNS FROM `gc_web_set` [ RunTime:0.000958s ]
[ sql ] [ SQL ] SELECT * FROM `gc_web_set` WHERE  `id` = 1 LIMIT 1 [ RunTime:0.000913s ]
[ sql ] [ SQL ] SHOW COLUMNS FROM `gc_category` [ RunTime:0.000431s ]
[ sql ] [ SQL ] SELECT `id`,`title`,`create_time`,`ftitle` FROM `gc_category` ORDER BY `sort` ASC [ RunTime:0.000333s ]
[ sql ] [ SQL ] SHOW COLUMNS FROM `gc_cate` [ RunTime:0.000437s ]
[ sql ] [ SQL ] SELECT * FROM `gc_cate` WHERE  ( status = 0 ) ORDER BY `sort` ASC [ RunTime:0.000496s ]
