---------------------------------------------------------------
[2023-04-17T09:19:53+08:00] 127.0.0.1 GET localhost:8322/
[运行时间：0.077421s] [吞吐率：12.92req/s] [内存消耗：9,135.34kb] [文件加载：87]
[ sql ] [ DB ] CONNECT:[ UseTime:0.000724s ] mysql:host=127.0.0.1;port=3306;dbname=governor_cup_2020;charset=utf8
[ sql ] [ SQL ] SHOW COLUMNS FROM `gc_web_set` [ RunTime:0.001205s ]
[ sql ] [ SQL ] SELECT * FROM `gc_web_set` WHERE  `id` = 1 LIMIT 1 [ RunTime:0.000354s ]
[ sql ] [ SQL ] SHOW COLUMNS FROM `gc_category` [ RunTime:0.000453s ]
[ sql ] [ SQL ] SELECT `id`,`title`,`create_time`,`ftitle` FROM `gc_category` WHERE  `status` = 1 ORDER BY `sort` ASC [ RunTime:0.000303s ]
[ sql ] [ SQL ] SHOW COLUMNS FROM `gc_cate` [ RunTime:0.000399s ]
[ sql ] [ SQL ] SELECT * FROM `gc_cate` WHERE  ( status = 0 ) ORDER BY `sort` ASC [ RunTime:0.000455s ]
---------------------------------------------------------------
[2023-04-17T09:20:01+08:00] 127.0.0.1 GET localhost:8322/index
[运行时间：0.077251s] [吞吐率：12.94req/s] [内存消耗：9,135.38kb] [文件加载：87]
[ sql ] [ DB ] CONNECT:[ UseTime:0.000674s ] mysql:host=127.0.0.1;port=3306;dbname=governor_cup_2020;charset=utf8
[ sql ] [ SQL ] SHOW COLUMNS FROM `gc_web_set` [ RunTime:0.000731s ]
[ sql ] [ SQL ] SELECT * FROM `gc_web_set` WHERE  `id` = 1 LIMIT 1 [ RunTime:0.000424s ]
[ sql ] [ SQL ] SHOW COLUMNS FROM `gc_category` [ RunTime:0.000554s ]
[ sql ] [ SQL ] SELECT `id`,`title`,`create_time`,`ftitle` FROM `gc_category` WHERE  `status` = 1 ORDER BY `sort` ASC [ RunTime:0.000372s ]
[ sql ] [ SQL ] SHOW COLUMNS FROM `gc_cate` [ RunTime:0.000553s ]
[ sql ] [ SQL ] SELECT * FROM `gc_cate` WHERE  ( status = 0 ) ORDER BY `sort` ASC [ RunTime:0.000609s ]
---------------------------------------------------------------
[2023-04-17T09:20:02+08:00] 127.0.0.1 GET localhost:8322/news
[运行时间：0.087329s] [吞吐率：11.45req/s] [内存消耗：9,430.04kb] [文件加载：90]
[ sql ] [ DB ] CONNECT:[ UseTime:0.001081s ] mysql:host=127.0.0.1;port=3306;dbname=governor_cup_2020;charset=utf8
[ sql ] [ SQL ] SHOW COLUMNS FROM `gc_web_set` [ RunTime:0.001270s ]
[ sql ] [ SQL ] SELECT * FROM `gc_web_set` WHERE  `id` = 1 LIMIT 1 [ RunTime:0.000563s ]
[ sql ] [ SQL ] SHOW COLUMNS FROM `gc_category` [ RunTime:0.000813s ]
[ sql ] [ SQL ] SELECT `id`,`title`,`create_time`,`ftitle` FROM `gc_category` ORDER BY `sort` ASC [ RunTime:0.000560s ]
[ sql ] [ SQL ] SHOW COLUMNS FROM `gc_cate` [ RunTime:0.000763s ]
[ sql ] [ SQL ] SELECT * FROM `gc_cate` [ RunTime:0.000491s ]
[ sql ] [ SQL ] SHOW COLUMNS FROM `gc_news` [ RunTime:0.001465s ]
[ sql ] [ SQL ] SELECT COUNT(*) AS tp_count FROM `gc_news` [ RunTime:0.000365s ]
[ sql ] [ SQL ] SELECT `id`,`title`,`create_time` FROM `gc_news` ORDER BY `id` DESC LIMIT 0,10 [ RunTime:0.000391s ]
---------------------------------------------------------------
[2023-04-17T09:20:03+08:00] 127.0.0.1 GET localhost:8322/index
[运行时间：0.074579s] [吞吐率：13.41req/s] [内存消耗：9,135.38kb] [文件加载：87]
[ sql ] [ DB ] CONNECT:[ UseTime:0.000753s ] mysql:host=127.0.0.1;port=3306;dbname=governor_cup_2020;charset=utf8
[ sql ] [ SQL ] SHOW COLUMNS FROM `gc_web_set` [ RunTime:0.000964s ]
[ sql ] [ SQL ] SELECT * FROM `gc_web_set` WHERE  `id` = 1 LIMIT 1 [ RunTime:0.000411s ]
[ sql ] [ SQL ] SHOW COLUMNS FROM `gc_category` [ RunTime:0.000489s ]
[ sql ] [ SQL ] SELECT `id`,`title`,`create_time`,`ftitle` FROM `gc_category` WHERE  `status` = 1 ORDER BY `sort` ASC [ RunTime:0.000392s ]
[ sql ] [ SQL ] SHOW COLUMNS FROM `gc_cate` [ RunTime:0.000529s ]
[ sql ] [ SQL ] SELECT * FROM `gc_cate` WHERE  ( status = 0 ) ORDER BY `sort` ASC [ RunTime:0.000544s ]
---------------------------------------------------------------
[2023-04-17T09:20:04+08:00] 127.0.0.1 GET localhost:8322/GATEGORY
[运行时间：0.079249s] [吞吐率：12.62req/s] [内存消耗：9,135.42kb] [文件加载：87]
[ sql ] [ DB ] CONNECT:[ UseTime:0.000724s ] mysql:host=127.0.0.1;port=3306;dbname=governor_cup_2020;charset=utf8
[ sql ] [ SQL ] SHOW COLUMNS FROM `gc_web_set` [ RunTime:0.001119s ]
[ sql ] [ SQL ] SELECT * FROM `gc_web_set` WHERE  `id` = 1 LIMIT 1 [ RunTime:0.000612s ]
[ sql ] [ SQL ] SHOW COLUMNS FROM `gc_category` [ RunTime:0.000894s ]
[ sql ] [ SQL ] SELECT `id`,`title`,`create_time`,`ftitle` FROM `gc_category` WHERE  `status` = 1 ORDER BY `sort` ASC [ RunTime:0.000590s ]
[ sql ] [ SQL ] SHOW COLUMNS FROM `gc_cate` [ RunTime:0.000754s ]
[ sql ] [ SQL ] SELECT * FROM `gc_cate` WHERE  ( status = 0 ) ORDER BY `sort` ASC [ RunTime:0.000839s ]
---------------------------------------------------------------
[2023-04-17T09:20:05+08:00] 127.0.0.1 GET localhost:8322/index
[运行时间：0.075376s] [吞吐率：13.27req/s] [内存消耗：9,135.38kb] [文件加载：87]
[ sql ] [ DB ] CONNECT:[ UseTime:0.000702s ] mysql:host=127.0.0.1;port=3306;dbname=governor_cup_2020;charset=utf8
[ sql ] [ SQL ] SHOW COLUMNS FROM `gc_web_set` [ RunTime:0.000748s ]
[ sql ] [ SQL ] SELECT * FROM `gc_web_set` WHERE  `id` = 1 LIMIT 1 [ RunTime:0.000387s ]
[ sql ] [ SQL ] SHOW COLUMNS FROM `gc_category` [ RunTime:0.000417s ]
[ sql ] [ SQL ] SELECT `id`,`title`,`create_time`,`ftitle` FROM `gc_category` WHERE  `status` = 1 ORDER BY `sort` ASC [ RunTime:0.000322s ]
[ sql ] [ SQL ] SHOW COLUMNS FROM `gc_cate` [ RunTime:0.000392s ]
[ sql ] [ SQL ] SELECT * FROM `gc_cate` WHERE  ( status = 0 ) ORDER BY `sort` ASC [ RunTime:0.000903s ]
---------------------------------------------------------------
[2023-04-17T09:20:06+08:00] 127.0.0.1 GET localhost:8322/news
[运行时间：0.084105s] [吞吐率：11.89req/s] [内存消耗：9,202.53kb] [文件加载：88]
[ sql ] [ DB ] CONNECT:[ UseTime:0.001040s ] mysql:host=127.0.0.1;port=3306;dbname=governor_cup_2020;charset=utf8
[ sql ] [ SQL ] SHOW COLUMNS FROM `gc_web_set` [ RunTime:0.001095s ]
[ sql ] [ SQL ] SELECT * FROM `gc_web_set` WHERE  `id` = 1 LIMIT 1 [ RunTime:0.000629s ]
[ sql ] [ SQL ] SHOW COLUMNS FROM `gc_category` [ RunTime:0.000829s ]
[ sql ] [ SQL ] SELECT `id`,`title`,`create_time`,`ftitle` FROM `gc_category` ORDER BY `sort` ASC [ RunTime:0.000555s ]
[ sql ] [ SQL ] SHOW COLUMNS FROM `gc_cate` [ RunTime:0.000764s ]
[ sql ] [ SQL ] SELECT * FROM `gc_cate` [ RunTime:0.000521s ]
[ sql ] [ SQL ] SHOW COLUMNS FROM `gc_news` [ RunTime:0.000847s ]
[ sql ] [ SQL ] SELECT COUNT(*) AS tp_count FROM `gc_news` [ RunTime:0.000377s ]
[ sql ] [ SQL ] SELECT `id`,`title`,`create_time` FROM `gc_news` ORDER BY `id` DESC LIMIT 0,10 [ RunTime:0.000413s ]
---------------------------------------------------------------
[2023-04-17T09:20:07+08:00] 127.0.0.1 GET localhost:8322/index
[运行时间：0.076438s] [吞吐率：13.08req/s] [内存消耗：9,135.38kb] [文件加载：87]
[ sql ] [ DB ] CONNECT:[ UseTime:0.000804s ] mysql:host=127.0.0.1;port=3306;dbname=governor_cup_2020;charset=utf8
[ sql ] [ SQL ] SHOW COLUMNS FROM `gc_web_set` [ RunTime:0.001068s ]
[ sql ] [ SQL ] SELECT * FROM `gc_web_set` WHERE  `id` = 1 LIMIT 1 [ RunTime:0.000526s ]
[ sql ] [ SQL ] SHOW COLUMNS FROM `gc_category` [ RunTime:0.000846s ]
[ sql ] [ SQL ] SELECT `id`,`title`,`create_time`,`ftitle` FROM `gc_category` WHERE  `status` = 1 ORDER BY `sort` ASC [ RunTime:0.000542s ]
[ sql ] [ SQL ] SHOW COLUMNS FROM `gc_cate` [ RunTime:0.000928s ]
[ sql ] [ SQL ] SELECT * FROM `gc_cate` WHERE  ( status = 0 ) ORDER BY `sort` ASC [ RunTime:0.000679s ]
---------------------------------------------------------------
[2023-04-17T09:20:09+08:00] 127.0.0.1 GET localhost:8322/news
[运行时间：0.080729s] [吞吐率：12.39req/s] [内存消耗：9,202.53kb] [文件加载：88]
[ sql ] [ DB ] CONNECT:[ UseTime:0.000877s ] mysql:host=127.0.0.1;port=3306;dbname=governor_cup_2020;charset=utf8
[ sql ] [ SQL ] SHOW COLUMNS FROM `gc_web_set` [ RunTime:0.001092s ]
[ sql ] [ SQL ] SELECT * FROM `gc_web_set` WHERE  `id` = 1 LIMIT 1 [ RunTime:0.000455s ]
[ sql ] [ SQL ] SHOW COLUMNS FROM `gc_category` [ RunTime:0.000585s ]
[ sql ] [ SQL ] SELECT `id`,`title`,`create_time`,`ftitle` FROM `gc_category` ORDER BY `sort` ASC [ RunTime:0.000473s ]
[ sql ] [ SQL ] SHOW COLUMNS FROM `gc_cate` [ RunTime:0.000639s ]
[ sql ] [ SQL ] SELECT * FROM `gc_cate` [ RunTime:0.000442s ]
[ sql ] [ SQL ] SHOW COLUMNS FROM `gc_news` [ RunTime:0.000750s ]
[ sql ] [ SQL ] SELECT COUNT(*) AS tp_count FROM `gc_news` [ RunTime:0.000292s ]
[ sql ] [ SQL ] SELECT `id`,`title`,`create_time` FROM `gc_news` ORDER BY `id` DESC LIMIT 0,10 [ RunTime:0.000295s ]
---------------------------------------------------------------
[2023-04-17T09:20:10+08:00] 127.0.0.1 GET localhost:8322/index
[运行时间：0.077317s] [吞吐率：12.93req/s] [内存消耗：9,135.38kb] [文件加载：87]
[ sql ] [ DB ] CONNECT:[ UseTime:0.000916s ] mysql:host=127.0.0.1;port=3306;dbname=governor_cup_2020;charset=utf8
[ sql ] [ SQL ] SHOW COLUMNS FROM `gc_web_set` [ RunTime:0.001130s ]
[ sql ] [ SQL ] SELECT * FROM `gc_web_set` WHERE  `id` = 1 LIMIT 1 [ RunTime:0.000564s ]
[ sql ] [ SQL ] SHOW COLUMNS FROM `gc_category` [ RunTime:0.000751s ]
[ sql ] [ SQL ] SELECT `id`,`title`,`create_time`,`ftitle` FROM `gc_category` WHERE  `status` = 1 ORDER BY `sort` ASC [ RunTime:0.000540s ]
[ sql ] [ SQL ] SHOW COLUMNS FROM `gc_cate` [ RunTime:0.000758s ]
[ sql ] [ SQL ] SELECT * FROM `gc_cate` WHERE  ( status = 0 ) ORDER BY `sort` ASC [ RunTime:0.000871s ]
---------------------------------------------------------------
[2023-04-17T10:42:25+08:00] 127.0.0.1 GET localhost:8322/
[运行时间：0.071026s] [吞吐率：14.08req/s] [内存消耗：9,135.34kb] [文件加载：87]
[ sql ] [ DB ] CONNECT:[ UseTime:0.000699s ] mysql:host=127.0.0.1;port=3306;dbname=governor_cup_2020;charset=utf8
[ sql ] [ SQL ] SHOW COLUMNS FROM `gc_web_set` [ RunTime:0.000792s ]
[ sql ] [ SQL ] SELECT * FROM `gc_web_set` WHERE  `id` = 1 LIMIT 1 [ RunTime:0.000392s ]
[ sql ] [ SQL ] SHOW COLUMNS FROM `gc_category` [ RunTime:0.000518s ]
[ sql ] [ SQL ] SELECT `id`,`title`,`create_time`,`ftitle` FROM `gc_category` WHERE  `status` = 1 ORDER BY `sort` ASC [ RunTime:0.000416s ]
[ sql ] [ SQL ] SHOW COLUMNS FROM `gc_cate` [ RunTime:0.000418s ]
[ sql ] [ SQL ] SELECT * FROM `gc_cate` WHERE  ( status = 0 ) ORDER BY `sort` ASC [ RunTime:0.000501s ]
